This is pdfTeX, Version 3.141592653-2.6-1.40.24 (MiKTeX 22.11) (preloaded format=pdflatex 2022.11.24)  19 DEC 2022 01:02
entering extended mode
 restricted \write18 enabled.
 %&-line parsing enabled.
**./charges_fields.tex
(charges_fields.tex
LaTeX2e <2022-11-01>
L3 programming layer <2022-11-02>
(/home/aaron/.miktex/texmfs/install/tex/latex/base/article.cls
Document Class: article 2022/07/02 v1.4n Standard LaTeX document class
(/home/aaron/.miktex/texmfs/install/tex/latex/base/size10.clo
File: size10.clo 2022/07/02 v1.4n Standard LaTeX file (size option)
)
\c@part=\count185
\c@section=\count186
\c@subsection=\count187
\c@subsubsection=\count188
\c@paragraph=\count189
\c@subparagraph=\count190
\c@figure=\count191
\c@table=\count192
\abovecaptionskip=\skip47
\belowcaptionskip=\skip48
\bibindent=\dimen140
)
(/home/aaron/.miktex/texmfs/install/tex/latex/base/inputenc.sty
Package: inputenc 2021/02/14 v1.3d Input encoding file
\inpenc@prehook=\toks16
\inpenc@posthook=\toks17
)
(/home/aaron/.miktex/texmfs/install/tex/latex/amsmath/amsmath.sty
Package: amsmath 2022/04/08 v2.17n AMS math features
\@mathmargin=\skip49

For additional information on amsmath, use the `?' option.
(/home/aaron/.miktex/texmfs/install/tex/latex/amsmath/amstext.sty
Package: amstext 2021/08/26 v2.01 AMS text

(/home/aaron/.miktex/texmfs/install/tex/latex/amsmath/amsgen.sty
File: amsgen.sty 1999/11/30 v2.0 generic functions
\@emptytoks=\toks18
\ex@=\dimen141
))
(/home/aaron/.miktex/texmfs/install/tex/latex/amsmath/amsbsy.sty
Package: amsbsy 1999/11/29 v1.2d Bold Symbols
\pmbraise@=\dimen142
)
(/home/aaron/.miktex/texmfs/install/tex/latex/amsmath/amsopn.sty
Package: amsopn 2022/04/08 v2.04 operator names
)
\inf@bad=\count193
LaTeX Info: Redefining \frac on input line 234.
\uproot@=\count194
\leftroot@=\count195
LaTeX Info: Redefining \overline on input line 399.
LaTeX Info: Redefining \colon on input line 410.
\classnum@=\count196
\DOTSCASE@=\count197
LaTeX Info: Redefining \ldots on input line 496.
LaTeX Info: Redefining \dots on input line 499.
LaTeX Info: Redefining \cdots on input line 620.
\Mathstrutbox@=\box51
\strutbox@=\box52
LaTeX Info: Redefining \big on input line 722.
LaTeX Info: Redefining \Big on input line 723.
LaTeX Info: Redefining \bigg on input line 724.
LaTeX Info: Redefining \Bigg on input line 725.
\big@size=\dimen143
LaTeX Font Info:    Redeclaring font encoding OML on input line 743.
LaTeX Font Info:    Redeclaring font encoding OMS on input line 744.
\macc@depth=\count198
LaTeX Info: Redefining \bmod on input line 905.
LaTeX Info: Redefining \pmod on input line 910.
LaTeX Info: Redefining \smash on input line 940.
LaTeX Info: Redefining \relbar on input line 970.
LaTeX Info: Redefining \Relbar on input line 971.
\c@MaxMatrixCols=\count199
\dotsspace@=\muskip16
\c@parentequation=\count266
\dspbrk@lvl=\count267
\tag@help=\toks19
\row@=\count268
\column@=\count269
\maxfields@=\count270
\andhelp@=\toks20
\eqnshift@=\dimen144
\alignsep@=\dimen145
\tagshift@=\dimen146
\tagwidth@=\dimen147
\totwidth@=\dimen148
\lineht@=\dimen149
\@envbody=\toks21
\multlinegap=\skip50
\multlinetaggap=\skip51
\mathdisplay@stack=\toks22
LaTeX Info: Redefining \[ on input line 2953.
LaTeX Info: Redefining \] on input line 2954.
)
(/home/aaron/.miktex/texmfs/install/tex/latex/amscls/amsthm.sty
Package: amsthm 2020/05/29 v2.20.6
\thm@style=\toks23
\thm@bodyfont=\toks24
\thm@headfont=\toks25
\thm@notefont=\toks26
\thm@headpunct=\toks27
\thm@preskip=\skip52
\thm@postskip=\skip53
\thm@headsep=\skip54
\dth@everypar=\toks28
)
(/home/aaron/.miktex/texmfs/install/tex/latex/amsfonts/amsfonts.sty
Package: amsfonts 2013/01/14 v3.01 Basic AMSFonts support
\symAMSa=\mathgroup4
\symAMSb=\mathgroup5
LaTeX Font Info:    Redeclaring math symbol \hbar on input line 98.
LaTeX Font Info:    Overwriting math alphabet `\mathfrak' in version `bold'
(Font)                  U/euf/m/n --> U/euf/b/n on input line 106.
)
(/home/aaron/.miktex/texmfs/install/tex/latex/amsfonts/amssymb.sty
Package: amssymb 2013/01/14 v3.01 AMS font symbols
)
(/home/aaron/.miktex/texmfs/install/tex/latex/amsmath/amscd.sty
Package: amscd 2017/04/14 v2.1 AMS Commutative Diagrams
\athelp@=\toks29
\minaw@=\dimen150
\bigaw@=\dimen151
\minCDarrowwidth=\dimen152
)
(/home/aaron/.miktex/texmfs/install/tex/latex/multirow/multirow.sty
Package: multirow 2021/03/15 v2.8 Span multiple rows of a table
\multirow@colwidth=\skip55
\multirow@cntb=\count271
\multirow@dima=\skip56
\bigstrutjot=\dimen153
)
(/home/aaron/.miktex/texmfs/install/tex/latex/booktabs/booktabs.sty
Package: booktabs 2020/01/12 v1.61803398 Publication quality tables
\heavyrulewidth=\dimen154
\lightrulewidth=\dimen155
\cmidrulewidth=\dimen156
\belowrulesep=\dimen157
\belowbottomsep=\dimen158
\aboverulesep=\dimen159
\abovetopsep=\dimen160
\cmidrulesep=\dimen161
\cmidrulekern=\dimen162
\defaultaddspace=\dimen163
\@cmidla=\count272
\@cmidlb=\count273
\@aboverulesep=\dimen164
\@belowrulesep=\dimen165
\@thisruleclass=\count274
\@lastruleclass=\count275
\@thisrulewidth=\dimen166
)
(/home/aaron/.miktex/texmfs/install/tex/latex/enumitem/enumitem.sty
Package: enumitem 2019/06/20 v3.9 Customized lists
\enitkv@toks@=\toks30
\labelindent=\skip57
\enit@outerparindent=\dimen167
\enit@toks=\toks31
\enit@inbox=\box53
\enit@count@id=\count276
\enitdp@description=\count277
)
(/home/aaron/.miktex/texmfs/install/tex/latex/fancyhdr/fancyhdr.sty
Package: fancyhdr 2022/11/09 v4.1 Extensive control of page headers and footers

\f@nch@headwidth=\skip58
\f@nch@O@elh=\skip59
\f@nch@O@erh=\skip60
\f@nch@O@olh=\skip61
\f@nch@O@orh=\skip62
\f@nch@O@elf=\skip63
\f@nch@O@erf=\skip64
\f@nch@O@olf=\skip65
\f@nch@O@orf=\skip66
)
(/home/aaron/.miktex/texmfs/install/tex/latex/jknappen/mathrsfs.sty
Package: mathrsfs 1996/01/01 Math RSFS package v1.0 (jk)
\symrsfs=\mathgroup6
)
(/home/aaron/.miktex/texmfs/install/tex/latex/wrapfig/wrapfig.sty
\wrapoverhang=\dimen168
\WF@size=\dimen169
\c@WF@wrappedlines=\count278
\WF@box=\box54
\WF@everypar=\toks32
Package: wrapfig 2003/01/31  v 3.6
)
(/home/aaron/.miktex/texmfs/install/tex/latex/setspace/setspace.sty
Package: setspace 2011/12/19 v6.7a set line spacing
)
(/usr/local/share/miktex-texmf/tex/latex/tools/calc.sty
Package: calc 2017/05/25 v4.3 Infix arithmetic (KKT,FJ)
\calc@Acount=\count279
\calc@Bcount=\count280
\calc@Adimen=\dimen170
\calc@Bdimen=\dimen171
\calc@Askip=\skip67
\calc@Bskip=\skip68
LaTeX Info: Redefining \setlength on input line 80.
LaTeX Info: Redefining \addtolength on input line 81.
\calc@Ccount=\count281
\calc@Cskip=\skip69
)
(/home/aaron/.miktex/texmfs/install/tex/latex/subfig/subfig.sty
Package: subfig 2005/06/28 ver: 1.3 subfig package

(/home/aaron/.miktex/texmfs/install/tex/latex/graphics/keyval.sty
Package: keyval 2022/05/29 v1.15 key=value parser (DPC)
\KV@toks@=\toks33
)
(/home/aaron/.miktex/texmfs/install/tex/latex/caption/caption.sty
Package: caption 2022/03/01 v3.6b Customizing captions (AR)

(/home/aaron/.miktex/texmfs/install/tex/latex/caption/caption3.sty
Package: caption3 2022/03/17 v2.3b caption3 kernel (AR)
\caption@tempdima=\dimen172
\captionmargin=\dimen173
\caption@leftmargin=\dimen174
\caption@rightmargin=\dimen175
\caption@width=\dimen176
\caption@indent=\dimen177
\caption@parindent=\dimen178
\caption@hangindent=\dimen179
Package caption Info: Standard document class detected.
)
\c@caption@flags=\count282
\c@continuedfloat=\count283
Package caption Info: wrapfig package is loaded.
)
\c@KVtest=\count284
\sf@farskip=\skip70
\sf@captopadj=\dimen180
\sf@capskip=\skip71
\sf@nearskip=\skip72
\c@subfigure=\count285
\c@subfigure@save=\count286
\c@lofdepth=\count287
\c@subtable=\count288
\c@subtable@save=\count289
\c@lotdepth=\count290
\sf@top=\skip73
\sf@bottom=\skip74
)
(/usr/local/share/miktex-texmf/tex/latex/tools/multicol.sty
Package: multicol 2021/11/30 v1.9d multicolumn formatting (FMi)
\c@tracingmulticols=\count291
\mult@box=\box55
\multicol@leftmargin=\dimen181
\c@unbalance=\count292
\c@collectmore=\count293
\doublecol@number=\count294
\multicoltolerance=\count295
\multicolpretolerance=\count296
\full@width=\dimen182
\page@free=\dimen183
\premulticols=\dimen184
\postmulticols=\dimen185
\multicolsep=\skip75
\multicolbaselineskip=\skip76
\partial@page=\box56
\last@line=\box57
\maxbalancingoverflow=\dimen186
\mult@rightbox=\box58
\mult@grightbox=\box59
\mult@firstbox=\box60
\mult@gfirstbox=\box61
\@tempa=\box62
\@tempa=\box63
\@tempa=\box64
\@tempa=\box65
\@tempa=\box66
\@tempa=\box67
\@tempa=\box68
\@tempa=\box69
\@tempa=\box70
\@tempa=\box71
\@tempa=\box72
\@tempa=\box73
\@tempa=\box74
\@tempa=\box75
\@tempa=\box76
\@tempa=\box77
\@tempa=\box78
\@tempa=\box79
\@tempa=\box80
\@tempa=\box81
\@tempa=\box82
\@tempa=\box83
\@tempa=\box84
\@tempa=\box85
\@tempa=\box86
\@tempa=\box87
\@tempa=\box88
\@tempa=\box89
\@tempa=\box90
\@tempa=\box91
\@tempa=\box92
\@tempa=\box93
\@tempa=\box94
\@tempa=\box95
\@tempa=\box96
\@tempa=\box97
\c@minrows=\count297
\c@columnbadness=\count298
\c@finalcolumnbadness=\count299
\last@try=\dimen187
\multicolovershoot=\dimen188
\multicolundershoot=\dimen189
\mult@nat@firstbox=\box98
\colbreak@box=\box99
\mc@col@check@num=\count300
)
(/home/aaron/.miktex/texmfs/install/tex/latex/cancel/cancel.sty
Package: cancel 2013/04/12 v2.2 Cancel math terms
)
(/home/aaron/.miktex/texmfs/install/tex/latex/ieeetran/IEEEtrantools.sty
Package: IEEEtrantools 2015/08/26 V1.5 by Michael Shell

-- See the "IEEEtrantools_doc.txt" manual for usage information.
-- http://www.michaelshell.org/tex/ieeetran/tools/
\@IEEEtrantmpdimenA=\dimen190
\@IEEEtrantmpdimenB=\dimen191
\@IEEEtrantmpdimenC=\dimen192
\@IEEEtrantmpcountA=\count301
\@IEEEtrantmpcountB=\count302
\@IEEEtrantmpcountC=\count303
\@IEEEtrantmptoksA=\toks34
\IEEEnormaljot=\dimen193
\IEEEquantizedlength=\dimen194
\IEEEquantizedlengthdiff=\dimen195
\IEEEquantizedtextheightdiff=\dimen196
\IEEEilabelindentA=\dimen197
\IEEEilabelindentB=\dimen198
\IEEEilabelindent=\dimen199
\IEEEelabelindent=\dimen256
\IEEEdlabelindent=\dimen257
\IEEElabelindent=\dimen258
\IEEEiednormlabelsep=\dimen259
\IEEEiedmathlabelsep=\dimen260
\IEEEiedtopsep=\skip77
\c@IEEEsubequation=\count304
\@IEEEeqnnumcols=\count305
\@IEEEeqncolcnt=\count306
\@IEEEsubeqnnumrollback=\count307
\IEEEPARstartletwidth=\dimen261
) (/home/aaron/.miktex/texmfs/install/tex/latex/framed/framed.sty
Package: framed 2011/10/22 v 0.96: framed or shaded text with page breaks
\OuterFrameSep=\skip78
\fb@frw=\dimen262
\fb@frh=\dimen263
\FrameRule=\dimen264
\FrameSep=\dimen265
)
(/home/aaron/.miktex/texmfs/install/tex/latex/tcolorbox/tcolorbox.sty
Package: tcolorbox 2022/06/24 version 5.1.1 text color boxes

(/home/aaron/.miktex/texmfs/install/tex/latex/pgf/basiclayer/pgf.sty
(/home/aaron/.miktex/texmfs/install/tex/latex/pgf/utilities/pgfrcs.sty
(/home/aaron/.miktex/texmfs/install/tex/generic/pgf/utilities/pgfutil-common.te
x
\pgfutil@everybye=\toks35
\pgfutil@tempdima=\dimen266
\pgfutil@tempdimb=\dimen267

(/home/aaron/.miktex/texmfs/install/tex/generic/pgf/utilities/pgfutil-common-li
sts.tex))
(/home/aaron/.miktex/texmfs/install/tex/generic/pgf/utilities/pgfutil-latex.def
\pgfutil@abb=\box100
) (/home/aaron/.miktex/texmfs/install/tex/generic/pgf/utilities/pgfrcs.code.tex
(/home/aaron/.miktex/texmfs/install/tex/generic/pgf/pgf.revision.tex)
Package: pgfrcs 2021/05/15 v3.1.9a (3.1.9a)
))
Package: pgf 2021/05/15 v3.1.9a (3.1.9a)

(/home/aaron/.miktex/texmfs/install/tex/latex/pgf/basiclayer/pgfcore.sty
(/home/aaron/.miktex/texmfs/install/tex/latex/graphics/graphicx.sty
Package: graphicx 2021/09/16 v1.2d Enhanced LaTeX Graphics (DPC,SPQR)

(/home/aaron/.miktex/texmfs/install/tex/latex/graphics/graphics.sty
Package: graphics 2022/03/10 v1.4e Standard LaTeX Graphics (DPC,SPQR)

(/home/aaron/.miktex/texmfs/install/tex/latex/graphics/trig.sty
Package: trig 2021/08/11 v1.11 sin cos tan (DPC)
)
(/home/aaron/.miktex/texmfs/install/tex/latex/graphics-cfg/graphics.cfg
File: graphics.cfg 2016/06/04 v1.11 sample graphics configuration
)
Package graphics Info: Driver file: pdftex.def on input line 107.

(/home/aaron/.miktex/texmfs/install/tex/latex/graphics-def/pdftex.def
File: pdftex.def 2022/09/22 v1.2b Graphics/color driver for pdftex
))
\Gin@req@height=\dimen268
\Gin@req@width=\dimen269
)
(/home/aaron/.miktex/texmfs/install/tex/latex/pgf/systemlayer/pgfsys.sty
(/home/aaron/.miktex/texmfs/install/tex/generic/pgf/systemlayer/pgfsys.code.tex
Package: pgfsys 2021/05/15 v3.1.9a (3.1.9a)
(/home/aaron/.miktex/texmfs/install/tex/generic/pgf/utilities/pgfkeys.code.tex
\pgfkeys@pathtoks=\toks36
\pgfkeys@temptoks=\toks37

(/home/aaron/.miktex/texmfs/install/tex/generic/pgf/utilities/pgfkeysfiltered.c
ode.tex
\pgfkeys@tmptoks=\toks38
))
\pgf@x=\dimen270
\pgf@y=\dimen271
\pgf@xa=\dimen272
\pgf@ya=\dimen273
\pgf@xb=\dimen274
\pgf@yb=\dimen275
\pgf@xc=\dimen276
\pgf@yc=\dimen277
\pgf@xd=\dimen278
\pgf@yd=\dimen279
\w@pgf@writea=\write3
\r@pgf@reada=\read2
\c@pgf@counta=\count308
\c@pgf@countb=\count309
\c@pgf@countc=\count310
\c@pgf@countd=\count311
\t@pgf@toka=\toks39
\t@pgf@tokb=\toks40
\t@pgf@tokc=\toks41
\pgf@sys@id@count=\count312

(/home/aaron/.miktex/texmfs/install/tex/generic/pgf/systemlayer/pgf.cfg
File: pgf.cfg 2021/05/15 v3.1.9a (3.1.9a)
)
Driver file for pgf: pgfsys-pdftex.def

(/home/aaron/.miktex/texmfs/install/tex/generic/pgf/systemlayer/pgfsys-pdftex.d
ef
File: pgfsys-pdftex.def 2021/05/15 v3.1.9a (3.1.9a)

(/home/aaron/.miktex/texmfs/install/tex/generic/pgf/systemlayer/pgfsys-common-p
df.def
File: pgfsys-common-pdf.def 2021/05/15 v3.1.9a (3.1.9a)
)))
(/home/aaron/.miktex/texmfs/install/tex/generic/pgf/systemlayer/pgfsyssoftpath.
code.tex
File: pgfsyssoftpath.code.tex 2021/05/15 v3.1.9a (3.1.9a)
\pgfsyssoftpath@smallbuffer@items=\count313
\pgfsyssoftpath@bigbuffer@items=\count314
)
(/home/aaron/.miktex/texmfs/install/tex/generic/pgf/systemlayer/pgfsysprotocol.
code.tex
File: pgfsysprotocol.code.tex 2021/05/15 v3.1.9a (3.1.9a)
)) (/home/aaron/.miktex/texmfs/install/tex/latex/xcolor/xcolor.sty
Package: xcolor 2022/06/12 v2.14 LaTeX color extensions (UK)

(/home/aaron/.miktex/texmfs/install/tex/latex/graphics-cfg/color.cfg
File: color.cfg 2016/01/02 v1.6 sample color configuration
)
Package xcolor Info: Driver file: pdftex.def on input line 227.

(/home/aaron/.miktex/texmfs/install/tex/latex/graphics/mathcolor.ltx)
Package xcolor Info: Model `cmy' substituted by `cmy0' on input line 1353.
Package xcolor Info: Model `hsb' substituted by `rgb' on input line 1357.
Package xcolor Info: Model `RGB' extended on input line 1369.
Package xcolor Info: Model `HTML' substituted by `rgb' on input line 1371.
Package xcolor Info: Model `Hsb' substituted by `hsb' on input line 1372.
Package xcolor Info: Model `tHsb' substituted by `hsb' on input line 1373.
Package xcolor Info: Model `HSB' substituted by `hsb' on input line 1374.
Package xcolor Info: Model `Gray' substituted by `gray' on input line 1375.
Package xcolor Info: Model `wave' substituted by `hsb' on input line 1376.
)
(/home/aaron/.miktex/texmfs/install/tex/generic/pgf/basiclayer/pgfcore.code.tex
Package: pgfcore 2021/05/15 v3.1.9a (3.1.9a)
(/home/aaron/.miktex/texmfs/install/tex/generic/pgf/math/pgfmath.code.tex
(/home/aaron/.miktex/texmfs/install/tex/generic/pgf/math/pgfmathcalc.code.tex
(/home/aaron/.miktex/texmfs/install/tex/generic/pgf/math/pgfmathutil.code.tex)
(/home/aaron/.miktex/texmfs/install/tex/generic/pgf/math/pgfmathparser.code.tex
\pgfmath@dimen=\dimen280
\pgfmath@count=\count315
\pgfmath@box=\box101
\pgfmath@toks=\toks42
\pgfmath@stack@operand=\toks43
\pgfmath@stack@operation=\toks44
)
(/home/aaron/.miktex/texmfs/install/tex/generic/pgf/math/pgfmathfunctions.code.
tex
(/home/aaron/.miktex/texmfs/install/tex/generic/pgf/math/pgfmathfunctions.basic
.code.tex)
(/home/aaron/.miktex/texmfs/install/tex/generic/pgf/math/pgfmathfunctions.trigo
nometric.code.tex)
(/home/aaron/.miktex/texmfs/install/tex/generic/pgf/math/pgfmathfunctions.rando
m.code.tex)
(/home/aaron/.miktex/texmfs/install/tex/generic/pgf/math/pgfmathfunctions.compa
rison.code.tex)
(/home/aaron/.miktex/texmfs/install/tex/generic/pgf/math/pgfmathfunctions.base.
code.tex)
(/home/aaron/.miktex/texmfs/install/tex/generic/pgf/math/pgfmathfunctions.round
.code.tex)
(/home/aaron/.miktex/texmfs/install/tex/generic/pgf/math/pgfmathfunctions.misc.
code.tex)
(/home/aaron/.miktex/texmfs/install/tex/generic/pgf/math/pgfmathfunctions.integ
erarithmetics.code.tex)))
(/home/aaron/.miktex/texmfs/install/tex/generic/pgf/math/pgfmathfloat.code.tex
\c@pgfmathroundto@lastzeros=\count316
)) (/home/aaron/.miktex/texmfs/install/tex/generic/pgf/math/pgfint.code.tex)
(/home/aaron/.miktex/texmfs/install/tex/generic/pgf/basiclayer/pgfcorepoints.co
de.tex
File: pgfcorepoints.code.tex 2021/05/15 v3.1.9a (3.1.9a)
\pgf@picminx=\dimen281
\pgf@picmaxx=\dimen282
\pgf@picminy=\dimen283
\pgf@picmaxy=\dimen284
\pgf@pathminx=\dimen285
\pgf@pathmaxx=\dimen286
\pgf@pathminy=\dimen287
\pgf@pathmaxy=\dimen288
\pgf@xx=\dimen289
\pgf@xy=\dimen290
\pgf@yx=\dimen291
\pgf@yy=\dimen292
\pgf@zx=\dimen293
\pgf@zy=\dimen294
)
(/home/aaron/.miktex/texmfs/install/tex/generic/pgf/basiclayer/pgfcorepathconst
ruct.code.tex
File: pgfcorepathconstruct.code.tex 2021/05/15 v3.1.9a (3.1.9a)
\pgf@path@lastx=\dimen295
\pgf@path@lasty=\dimen296
)
(/home/aaron/.miktex/texmfs/install/tex/generic/pgf/basiclayer/pgfcorepathusage
.code.tex
File: pgfcorepathusage.code.tex 2021/05/15 v3.1.9a (3.1.9a)
\pgf@shorten@end@additional=\dimen297
\pgf@shorten@start@additional=\dimen298
)
(/home/aaron/.miktex/texmfs/install/tex/generic/pgf/basiclayer/pgfcorescopes.co
de.tex
File: pgfcorescopes.code.tex 2021/05/15 v3.1.9a (3.1.9a)
\pgfpic=\box102
\pgf@hbox=\box103
\pgf@layerbox@main=\box104
\pgf@picture@serial@count=\count317
)
(/home/aaron/.miktex/texmfs/install/tex/generic/pgf/basiclayer/pgfcoregraphicst
ate.code.tex
File: pgfcoregraphicstate.code.tex 2021/05/15 v3.1.9a (3.1.9a)
\pgflinewidth=\dimen299
)
(/home/aaron/.miktex/texmfs/install/tex/generic/pgf/basiclayer/pgfcoretransform
ations.code.tex
File: pgfcoretransformations.code.tex 2021/05/15 v3.1.9a (3.1.9a)
\pgf@pt@x=\dimen300
\pgf@pt@y=\dimen301
\pgf@pt@temp=\dimen302
)
(/home/aaron/.miktex/texmfs/install/tex/generic/pgf/basiclayer/pgfcorequick.cod
e.tex
File: pgfcorequick.code.tex 2021/05/15 v3.1.9a (3.1.9a)
)
(/home/aaron/.miktex/texmfs/install/tex/generic/pgf/basiclayer/pgfcoreobjects.c
ode.tex
File: pgfcoreobjects.code.tex 2021/05/15 v3.1.9a (3.1.9a)
)
(/home/aaron/.miktex/texmfs/install/tex/generic/pgf/basiclayer/pgfcorepathproce
ssing.code.tex
File: pgfcorepathprocessing.code.tex 2021/05/15 v3.1.9a (3.1.9a)
)
(/home/aaron/.miktex/texmfs/install/tex/generic/pgf/basiclayer/pgfcorearrows.co
de.tex
File: pgfcorearrows.code.tex 2021/05/15 v3.1.9a (3.1.9a)
\pgfarrowsep=\dimen303
)
(/home/aaron/.miktex/texmfs/install/tex/generic/pgf/basiclayer/pgfcoreshade.cod
e.tex
File: pgfcoreshade.code.tex 2021/05/15 v3.1.9a (3.1.9a)
\pgf@max=\dimen304
\pgf@sys@shading@range@num=\count318
\pgf@shadingcount=\count319
)
(/home/aaron/.miktex/texmfs/install/tex/generic/pgf/basiclayer/pgfcoreimage.cod
e.tex
File: pgfcoreimage.code.tex 2021/05/15 v3.1.9a (3.1.9a)

(/home/aaron/.miktex/texmfs/install/tex/generic/pgf/basiclayer/pgfcoreexternal.
code.tex
File: pgfcoreexternal.code.tex 2021/05/15 v3.1.9a (3.1.9a)
\pgfexternal@startupbox=\box105
))
(/home/aaron/.miktex/texmfs/install/tex/generic/pgf/basiclayer/pgfcorelayers.co
de.tex
File: pgfcorelayers.code.tex 2021/05/15 v3.1.9a (3.1.9a)
)
(/home/aaron/.miktex/texmfs/install/tex/generic/pgf/basiclayer/pgfcoretranspare
ncy.code.tex
File: pgfcoretransparency.code.tex 2021/05/15 v3.1.9a (3.1.9a)
)
(/home/aaron/.miktex/texmfs/install/tex/generic/pgf/basiclayer/pgfcorepatterns.
code.tex
File: pgfcorepatterns.code.tex 2021/05/15 v3.1.9a (3.1.9a)
)
(/home/aaron/.miktex/texmfs/install/tex/generic/pgf/basiclayer/pgfcorerdf.code.
tex
File: pgfcorerdf.code.tex 2021/05/15 v3.1.9a (3.1.9a)
)))
(/home/aaron/.miktex/texmfs/install/tex/generic/pgf/modules/pgfmoduleshapes.cod
e.tex
File: pgfmoduleshapes.code.tex 2021/05/15 v3.1.9a (3.1.9a)
\pgfnodeparttextbox=\box106
)
(/home/aaron/.miktex/texmfs/install/tex/generic/pgf/modules/pgfmoduleplot.code.
tex
File: pgfmoduleplot.code.tex 2021/05/15 v3.1.9a (3.1.9a)
)
(/home/aaron/.miktex/texmfs/install/tex/latex/pgf/compatibility/pgfcomp-version
-0-65.sty
Package: pgfcomp-version-0-65 2021/05/15 v3.1.9a (3.1.9a)
\pgf@nodesepstart=\dimen305
\pgf@nodesepend=\dimen306
)
(/home/aaron/.miktex/texmfs/install/tex/latex/pgf/compatibility/pgfcomp-version
-1-18.sty
Package: pgfcomp-version-1-18 2021/05/15 v3.1.9a (3.1.9a)
)) (/usr/local/share/miktex-texmf/tex/latex/tools/verbatim.sty
Package: verbatim 2020-07-07 v1.5u LaTeX2e package for verbatim enhancements
\every@verbatim=\toks45
\verbatim@line=\toks46
\verbatim@in@stream=\read3
)
(/usr/local/share/miktex-texmf/tex/latex/environ/environ.sty
Package: environ 2014/05/04 v0.3 A new way to define environments

(/home/aaron/.miktex/texmfs/install/tex/latex/trimspaces/trimspaces.sty
Package: trimspaces 2009/09/17 v1.1 Trim spaces around a token list
))
(/usr/local/share/miktex-texmf/tex/latex/etoolbox/etoolbox.sty
Package: etoolbox 2020/10/05 v2.5k e-TeX tools for LaTeX (JAW)
\etb@tempcnta=\count320
)
\tcb@titlebox=\box107
\tcb@upperbox=\box108
\tcb@lowerbox=\box109
\tcb@phantombox=\box110
\c@tcbbreakpart=\count321
\c@tcblayer=\count322
\c@tcolorbox@number=\count323
\tcb@temp=\box111
\tcb@temp=\box112
\tcb@temp=\box113
\tcb@temp=\box114

(/home/aaron/.miktex/texmfs/install/tex/latex/tcolorbox/tcbraster.code.tex
Library (tcolorbox): 'tcbraster.code.tex' version '5.1.1'
\c@tcbrastercolumn=\count324
\c@tcbrasterrow=\count325
\c@tcbrasternum=\count326
\c@tcbraster=\count327
) (/home/aaron/.miktex/texmfs/install/tex/latex/tcolorbox/tcbskins.code.tex
Library (tcolorbox): 'tcbskins.code.tex' version '5.1.1'
(/home/aaron/.miktex/texmfs/install/tex/latex/pgf/frontendlayer/tikz.sty
(/home/aaron/.miktex/texmfs/install/tex/latex/pgf/utilities/pgffor.sty
(/home/aaron/.miktex/texmfs/install/tex/latex/pgf/utilities/pgfkeys.sty
(/home/aaron/.miktex/texmfs/install/tex/generic/pgf/utilities/pgfkeys.code.tex)
) (/home/aaron/.miktex/texmfs/install/tex/latex/pgf/math/pgfmath.sty
(/home/aaron/.miktex/texmfs/install/tex/generic/pgf/math/pgfmath.code.tex))
(/home/aaron/.miktex/texmfs/install/tex/generic/pgf/utilities/pgffor.code.tex
Package: pgffor 2021/05/15 v3.1.9a (3.1.9a)

(/home/aaron/.miktex/texmfs/install/tex/generic/pgf/math/pgfmath.code.tex)
\pgffor@iter=\dimen307
\pgffor@skip=\dimen308
\pgffor@stack=\toks47
\pgffor@toks=\toks48
))
(/home/aaron/.miktex/texmfs/install/tex/generic/pgf/frontendlayer/tikz/tikz.cod
e.tex
Package: tikz 2021/05/15 v3.1.9a (3.1.9a)

(/home/aaron/.miktex/texmfs/install/tex/generic/pgf/libraries/pgflibraryplothan
dlers.code.tex
File: pgflibraryplothandlers.code.tex 2021/05/15 v3.1.9a (3.1.9a)
\pgf@plot@mark@count=\count328
\pgfplotmarksize=\dimen309
)
\tikz@lastx=\dimen310
\tikz@lasty=\dimen311
\tikz@lastxsaved=\dimen312
\tikz@lastysaved=\dimen313
\tikz@lastmovetox=\dimen314
\tikz@lastmovetoy=\dimen315
\tikzleveldistance=\dimen316
\tikzsiblingdistance=\dimen317
\tikz@figbox=\box115
\tikz@figbox@bg=\box116
\tikz@tempbox=\box117
\tikz@tempbox@bg=\box118
\tikztreelevel=\count329
\tikznumberofchildren=\count330
\tikznumberofcurrentchild=\count331
\tikz@fig@count=\count332

(/home/aaron/.miktex/texmfs/install/tex/generic/pgf/modules/pgfmodulematrix.cod
e.tex
File: pgfmodulematrix.code.tex 2021/05/15 v3.1.9a (3.1.9a)
\pgfmatrixcurrentrow=\count333
\pgfmatrixcurrentcolumn=\count334
\pgf@matrix@numberofcolumns=\count335
)
\tikz@expandcount=\count336

(/home/aaron/.miktex/texmfs/install/tex/generic/pgf/frontendlayer/tikz/librarie
s/tikzlibrarytopaths.code.tex
File: tikzlibrarytopaths.code.tex 2021/05/15 v3.1.9a (3.1.9a)
)))
\tcb@waterbox=\box119

(/home/aaron/.miktex/texmfs/install/tex/latex/tcolorbox/tcbskinsjigsaw.code.tex
Library (tcolorbox): 'tcbskinsjigsaw.code.tex' version '5.1.1'
))
(/home/aaron/.miktex/texmfs/install/tex/latex/tcolorbox/tcbbreakable.code.tex
Library (tcolorbox): 'tcbbreakable.code.tex' version '5.1.1'
(/home/aaron/.miktex/texmfs/install/tex/latex/pdfcol/pdfcol.sty
Package: pdfcol 2022-09-21 v1.7 Handle new color stacks for pdfTeX (HO)

(/home/aaron/.miktex/texmfs/install/tex/generic/ltxcmds/ltxcmds.sty
Package: ltxcmds 2020-05-10 v1.25 LaTeX kernel commands for general use (HO)
)
(/home/aaron/.miktex/texmfs/install/tex/generic/infwarerr/infwarerr.sty
Package: infwarerr 2019/12/03 v1.5 Providing info/warning/error messages (HO)
)
(/usr/local/share/miktex-texmf/tex/generic/iftex/iftex.sty
Package: iftex 2022/02/03 v1.0f TeX engine tests
))
Package pdfcol Info: New color stack `tcb@breakable' = 1 on input line 23.
\tcb@testbox=\box120
\tcb@totalupperbox=\box121
\tcb@totallowerbox=\box122
)
(/home/aaron/.miktex/texmfs/install/tex/latex/tcolorbox/tcbhooks.code.tex
Library (tcolorbox): 'tcbhooks.code.tex' version '5.1.1'
) (/home/aaron/.miktex/texmfs/install/tex/latex/tcolorbox/tcbtheorems.code.tex
Library (tcolorbox): 'tcbtheorems.code.tex' version '5.1.1'
) (/home/aaron/.miktex/texmfs/install/tex/latex/tcolorbox/tcbfitting.code.tex
Library (tcolorbox): 'tcbfitting.code.tex' version '5.1.1'
\tcbfitdim=\dimen318
\tcb@lowerfitdim=\dimen319
\tcb@upperfitdim=\dimen320
\tcb@cur@hbadness=\count337
)
(/home/aaron/.miktex/texmfs/install/tex/latex/tcolorbox/tcblistingsutf8.code.te
x
Library (tcolorbox): 'tcblistingsutf8.code.tex' version '5.1.1'
(/home/aaron/.miktex/texmfs/install/tex/latex/tcolorbox/tcblistings.code.tex
Library (tcolorbox): 'tcblistings.code.tex' version '5.1.1'
(/usr/local/share/miktex-texmf/tex/latex/listings/listings.sty
\lst@mode=\count338
\lst@gtempboxa=\box123
\lst@token=\toks49
\lst@length=\count339
\lst@currlwidth=\dimen321
\lst@column=\count340
\lst@pos=\count341
\lst@lostspace=\dimen322
\lst@width=\dimen323
\lst@newlines=\count342
\lst@lineno=\count343
\lst@maxwidth=\dimen324

(/usr/local/share/miktex-texmf/tex/latex/listings/lstmisc.sty
File: lstmisc.sty 2020/03/24 1.8d (Carsten Heinz)
\c@lstnumber=\count344
\lst@skipnumbers=\count345
\lst@framebox=\box124
)
(/usr/local/share/miktex-texmf/tex/latex/listings/listings.cfg
File: listings.cfg 2020/03/24 1.8d listings configuration
))
Package: listings 2020/03/24 1.8d (Carsten Heinz)

(/home/aaron/.miktex/texmfs/install/tex/latex/tcolorbox/tcblistingscore.code.te
x
Library (tcolorbox): 'tcblistingscore.code.tex' version '5.1.1'
(/home/aaron/.miktex/texmfs/install/tex/latex/tcolorbox/tcbprocessing.code.tex
Library (tcolorbox): 'tcbprocessing.code.tex' version '5.1.1'
(/home/aaron/.miktex/texmfs/install/tex/generic/pdftexcmds/pdftexcmds.sty
Package: pdftexcmds 2020-06-27 v0.33 Utility functions of pdfTeX for LuaTeX (HO
)
Package pdftexcmds Info: \pdf@primitive is available.
Package pdftexcmds Info: \pdf@ifprimitive is available.
Package pdftexcmds Info: \pdfdraftmode found.
)
(/usr/local/share/miktex-texmf/tex/latex/tools/shellesc.sty
Package: shellesc 2019/11/08 v1.0c unified shell escape interface for LaTeX
Package shellesc Info: Restricted shell escape enabled on input line 77.
))
\c@tcblisting=\count346
))
(/home/aaron/.miktex/texmfs/install/tex/latex/listingsutf8/listingsutf8.sty
Package: listingsutf8 2019-12-10 v1.5 Allow UTF-8 in listings input (HO)

(/home/aaron/.miktex/texmfs/install/tex/generic/stringenc/stringenc.sty
Package: stringenc 2019/11/29 v1.12 Convert strings between diff. encodings (HO
)

(/home/aaron/.miktex/texmfs/install/tex/generic/pdfescape/pdfescape.sty
Package: pdfescape 2019/12/09 v1.15 Implements pdfTeX's escape features (HO)
))))
(/home/aaron/.miktex/texmfs/install/tex/latex/tcolorbox/tcbexternal.code.tex
Library (tcolorbox): 'tcbexternal.code.tex' version '5.1.1'
) (/home/aaron/.miktex/texmfs/install/tex/latex/tcolorbox/tcbmagazine.code.tex
Library (tcolorbox): 'tcbmagazine.code.tex' version '5.1.1'
) (/home/aaron/.miktex/texmfs/install/tex/latex/tcolorbox/tcbvignette.code.tex
Library (tcolorbox): 'tcbvignette.code.tex' version '5.1.1'

(/home/aaron/.miktex/texmfs/install/tex/generic/pgf/frontendlayer/tikz/librarie
s/tikzlibraryfadings.code.tex
File: tikzlibraryfadings.code.tex 2021/05/15 v3.1.9a (3.1.9a)

(/home/aaron/.miktex/texmfs/install/tex/generic/pgf/libraries/pgflibraryfadings
.code.tex
File: pgflibraryfadings.code.tex 2021/05/15 v3.1.9a (3.1.9a)
)))
(/home/aaron/.miktex/texmfs/install/tex/latex/tcolorbox/tcbposter.code.tex
Library (tcolorbox): 'tcbposter.code.tex' version '5.1.1'
)) (/home/aaron/.miktex/texmfs/install/tex/latex/geometry/geometry.sty
Package: geometry 2020/01/02 v5.9 Page Geometry

(/usr/local/share/miktex-texmf/tex/generic/iftex/ifvtex.sty
Package: ifvtex 2019/10/25 v1.7 ifvtex legacy package. Use iftex instead.
)
\Gm@cnth=\count347
\Gm@cntv=\count348
\c@Gm@tempcnt=\count349
\Gm@bindingoffset=\dimen325
\Gm@wd@mp=\dimen326
\Gm@odd@mp=\dimen327
\Gm@even@mp=\dimen328
\Gm@layoutwidth=\dimen329
\Gm@layoutheight=\dimen330
\Gm@layouthoffset=\dimen331
\Gm@layoutvoffset=\dimen332
\Gm@dimlist=\toks50

(/home/aaron/.miktex/texmfs/install/tex/latex/geometry/geometry.cfg))
(/home/aaron/.miktex/texmfs/install/tex/latex/l3backend/l3backend-pdftex.def
File: l3backend-pdftex.def 2022-10-26 L3 backend support: PDF output (pdfTeX)
\l__color_backend_stack_int=\count350
\l__pdf_internal_box=\box125
)

LaTeX Warning: Unused global option(s):
    [9pt].

(charges_fields.aux)
\openout1 = `charges_fields.aux'.

LaTeX Font Info:    Checking defaults for OML/cmm/m/it on input line 28.
LaTeX Font Info:    ... okay on input line 28.
LaTeX Font Info:    Checking defaults for OMS/cmsy/m/n on input line 28.
LaTeX Font Info:    ... okay on input line 28.
LaTeX Font Info:    Checking defaults for OT1/cmr/m/n on input line 28.
LaTeX Font Info:    ... okay on input line 28.
LaTeX Font Info:    Checking defaults for T1/cmr/m/n on input line 28.
LaTeX Font Info:    ... okay on input line 28.
LaTeX Font Info:    Checking defaults for TS1/cmr/m/n on input line 28.
LaTeX Font Info:    ... okay on input line 28.
LaTeX Font Info:    Checking defaults for OMX/cmex/m/n on input line 28.
LaTeX Font Info:    ... okay on input line 28.
LaTeX Font Info:    Checking defaults for U/cmr/m/n on input line 28.
LaTeX Font Info:    ... okay on input line 28.
Package caption Info: Begin \AtBeginDocument code.
Package caption Info: subfig package v1.3 is loaded.
Package caption Info: listings package is loaded.
Package caption Info: End \AtBeginDocument code.

(/home/aaron/.miktex/texmfs/install/tex/context/base/mkii/supp-pdf.mkii
[Loading MPS to PDF converter (version 2006.09.02).]
\scratchcounter=\count351
\scratchdimen=\dimen333
\scratchbox=\box126
\nofMPsegments=\count352
\nofMParguments=\count353
\everyMPshowfont=\toks51
\MPscratchCnt=\count354
\MPscratchDim=\dimen334
\MPnumerator=\count355
\makeMPintoPDFobject=\count356
\everyMPtoPDFconversion=\toks52
) (/home/aaron/.miktex/texmfs/install/tex/latex/epstopdf-pkg/epstopdf-base.sty
Package: epstopdf-base 2020-01-24 v2.11 Base part for package epstopdf
Package epstopdf-base Info: Redefining graphics rule for `.eps' on input line 4
85.

(/home/aaron/.miktex/texmfs/install/tex/latex/00miktex/epstopdf-sys.cfg
File: epstopdf-sys.cfg 2021/03/18 v2.0 Configuration of epstopdf for MiKTeX
))
\c@lstlisting=\count357

*geometry* driver: auto-detecting
*geometry* detected driver: pdftex
*geometry* verbose mode - [ preamble ] result:
* driver: pdftex
* paper: a4paper
* layout: <same size as paper>
* layoutoffset:(h,v)=(0.0pt,0.0pt)
* modes: 
* h-part:(L,W,R)=(56.9055pt, 483.69684pt, 56.90553pt)
* v-part:(T,H,B)=(56.9055pt, 731.23582pt, 56.90552pt)
* \paperwidth=597.50787pt
* \paperheight=845.04684pt
* \textwidth=483.69684pt
* \textheight=731.23582pt
* \oddsidemargin=-15.36449pt
* \evensidemargin=-15.36449pt
* \topmargin=-52.36449pt
* \headheight=12.0pt
* \headsep=25.0pt
* \topskip=10.0pt
* \footskip=30.0pt
* \marginparwidth=65.0pt
* \marginparsep=11.0pt
* \columnsep=10.0pt
* \skip\footins=9.0pt plus 4.0pt minus 2.0pt
* \hoffset=0.0pt
* \voffset=0.0pt
* \mag=1000
* \@twocolumnfalse
* \@twosidefalse
* \@mparswitchfalse
* \@reversemarginfalse
* (1in=72.27pt=25.4mm, 1cm=28.453pt)

LaTeX Font Info:    Trying to load font information for U+msa on input line 29.

(/home/aaron/.miktex/texmfs/install/tex/latex/amsfonts/umsa.fd
File: umsa.fd 2013/01/14 v3.01 AMS symbols A
)
LaTeX Font Info:    Trying to load font information for U+msb on input line 29.


(/home/aaron/.miktex/texmfs/install/tex/latex/amsfonts/umsb.fd
File: umsb.fd 2013/01/14 v3.01 AMS symbols B
)
LaTeX Font Info:    Trying to load font information for U+rsfs on input line 29
.

(/home/aaron/.miktex/texmfs/install/tex/latex/jknappen/ursfs.fd
File: ursfs.fd 1998/03/24 rsfs font definition file (jk)
)
Underfull \hbox (badness 10000) in paragraph at lines 33--34

 []


Underfull \hbox (badness 10000) in paragraph at lines 33--34

 []


Underfull \hbox (badness 10000) in paragraph at lines 33--34

 []


Underfull \hbox (badness 10000) in paragraph at lines 33--34

 []


Underfull \hbox (badness 10000) in paragraph at lines 35--38

 []

[1

{/home/aaron/.miktex/texmfs/data/fonts/map/pdftex/pdftex.map}]
<charge_conservation.jpg, id=54, 481.8pt x 715.9548pt>
File: charge_conservation.jpg Graphic file (type jpg)
<use charge_conservation.jpg>
Package pdftex.def Info: charge_conservation.jpg  used on input line 49.
(pdftex.def)             Requested size: 144.5411pt x 214.7881pt.
<electroscope.jpg, id=55, 552.0625pt x 304.13625pt>
File: electroscope.jpg Graphic file (type jpg)
<use electroscope.jpg>
Package pdftex.def Info: electroscope.jpg  used on input line 57.
(pdftex.def)             Requested size: 165.62003pt x 91.24158pt.
 [2 <./charge_conservation.jpg> <./electroscope.jpg>]
<induction.jpg, id=59, 180.675pt x 387.3672pt>
File: induction.jpg Graphic file (type jpg)
<use induction.jpg>
Package pdftex.def Info: induction.jpg  used on input line 62.
(pdftex.def)             Requested size: 72.2687pt x 154.94414pt.

Underfull \hbox (badness 10000) in paragraph at lines 63--65

 []


Underfull \hbox (badness 10000) in paragraph at lines 73--76

 []


Underfull \hbox (badness 10000) in paragraph at lines 73--76

 []

[3 <./induction.jpg>]
<source_p.jpg, id=63, 552.0625pt x 283.0575pt>
File: source_p.jpg Graphic file (type jpg)
<use source_p.jpg>
Package pdftex.def Info: source_p.jpg  used on input line 82.
(pdftex.def)             Requested size: 165.62003pt x 84.9179pt.
<source_n.jpg, id=64, 552.0625pt x 202.7575pt>
File: source_n.jpg Graphic file (type jpg)
<use source_n.jpg>
Package pdftex.def Info: source_n.jpg  used on input line 82.
(pdftex.def)             Requested size: 220.82108pt x 81.10156pt.

Underfull \hbox (badness 10000) in paragraph at lines 81--84

 []

[4 <./source_p.jpg> <./source_n.jpg>] (charges_fields.aux) ) 
Here is how much of TeX's memory you used:
 23937 strings out of 477219
 507013 string characters out of 2825834
 854510 words of memory out of 3000000
 44758 multiletter control sequences out of 15000+600000
 479065 words of font info for 68 fonts, out of 8000000 for 9000
 0 hyphenation exceptions out of 8191
 99i,6n,104p,2115b,261s stack positions out of 10000i,1000n,20000p,200000b,80000s
 </home/aaron/.mikt
ex/texmfs/data/fonts/pk/ljfour/jknappen/ec/dpi600/tcrm1000.pk></home/aaron/.mik
tex/texmfs/install/fonts/type1/public/amsfonts/cm/cmbx10.pfb></home/aaron/.mikt
ex/texmfs/install/fonts/type1/public/amsfonts/cm/cmbx12.pfb></home/aaron/.mikte
x/texmfs/install/fonts/type1/public/amsfonts/cm/cmmi10.pfb></home/aaron/.miktex
/texmfs/install/fonts/type1/public/amsfonts/cm/cmr10.pfb></home/aaron/.miktex/t
exmfs/install/fonts/type1/public/amsfonts/cm/cmr12.pfb></home/aaron/.miktex/tex
mfs/install/fonts/type1/public/amsfonts/cm/cmr17.pfb></home/aaron/.miktex/texmf
s/install/fonts/type1/public/amsfonts/cm/cmr7.pfb></home/aaron/.miktex/texmfs/i
nstall/fonts/type1/public/amsfonts/cm/cmsy10.pfb></home/aaron/.miktex/texmfs/in
stall/fonts/type1/public/amsfonts/cm/cmsy7.pfb>
Output written on charges_fields.pdf (4 pages, 585064 bytes).
PDF statistics:
 109 PDF objects out of 1000 (max. 8388607)
 0 named destinations out of 1000 (max. 500000)
 182 words of extra memory for PDF output out of 10000 (max. 10000000)

